/*******************************************************************************************************
* DateTime: 2015-08-24 14:49:04		IP: 223.104.5.200Brower: Mozilla/5.0 (Windows NT 6.1; WOW64) AppleWebKit/537.36 (KHTML, like Gecko) Chrome/35.0.1916.153 Safari/537.36 SE 2.X MetaSr 1.0
* Url : http://dongxuec3xrmobile.nn.cagoe.com/Itf/Php/AjaxItf.php?method=Login
sql::select userid from cmn_usr_users where username = 'C3XR' and password='ad6a5dcf402d9389b80a02fe6ea52ae3'
*******************************************************************************************************/

/*******************************************************************************************************
* DateTime: 2015-08-24 14:49:04		IP: 223.104.5.200Brower: Mozilla/5.0 (Windows NT 6.1; WOW64) AppleWebKit/537.36 (KHTML, like Gecko) Chrome/35.0.1916.153 Safari/537.36 SE 2.X MetaSr 1.0
* Url : http://dongxuec3xrmobile.nn.cagoe.com/Itf/Php/AjaxItf.php?method=Login
GetUserIDCacheKey::
*******************************************************************************************************/

/*******************************************************************************************************
* DateTime: 2015-08-24 14:49:09		IP: 223.104.5.200Brower: Mozilla/5.0 (Windows NT 6.1; WOW64) AppleWebKit/537.36 (KHTML, like Gecko) Chrome/35.0.1916.153 Safari/537.36 SE 2.X MetaSr 1.0
* Url : http://dongxuec3xrmobile.nn.cagoe.com/Itf/Php/AjaxItf.php?method=Login
sql::select userid from cmn_usr_users where username = 'C3XR' and password='ad6a5dcf402d9389b80a02fe6ea52ae3'
*******************************************************************************************************/

/*******************************************************************************************************
* DateTime: 2015-08-24 14:49:09		IP: 223.104.5.200Brower: Mozilla/5.0 (Windows NT 6.1; WOW64) AppleWebKit/537.36 (KHTML, like Gecko) Chrome/35.0.1916.153 Safari/537.36 SE 2.X MetaSr 1.0
* Url : http://dongxuec3xrmobile.nn.cagoe.com/Itf/Php/AjaxItf.php?method=Login
GetUserIDCacheKey::
*******************************************************************************************************/

/*******************************************************************************************************
* DateTime: 2015-08-24 14:56:50		IP: 223.104.5.200Brower: Mozilla/5.0 (Windows NT 6.1; WOW64) AppleWebKit/537.36 (KHTML, like Gecko) Chrome/35.0.1916.153 Safari/537.36 SE 2.X MetaSr 1.0
* Url : http://dongxuec3xrmobile.nn.cagoe.com/Itf/Php/AjaxItf.php?method=Login
sql::select userid from cmn_usr_users where username = 'C3XR' and password='ad6a5dcf402d9389b80a02fe6ea52ae3'
*******************************************************************************************************/

/*******************************************************************************************************
* DateTime: 2015-08-24 14:56:50		IP: 223.104.5.200Brower: Mozilla/5.0 (Windows NT 6.1; WOW64) AppleWebKit/537.36 (KHTML, like Gecko) Chrome/35.0.1916.153 Safari/537.36 SE 2.X MetaSr 1.0
* Url : http://dongxuec3xrmobile.nn.cagoe.com/Itf/Php/AjaxItf.php?method=Login
GetUserIDCacheKey::
*******************************************************************************************************/

