/*******************************************************************************************************
* DateTime: 2015-09-01 10:56:32		IP: 27.115.39.235Brower: Mozilla/5.0 (Macintosh; Intel Mac OS X 10_9_5) AppleWebKit/537.36 (KHTML, like Gecko) Chrome/42.0.2311.152 Safari/537.36
* Url : http://dongxuec3xrmobile.nn.cagoe.com/Itf/Php/AjaxItf.php?method=Login
sql::select userid from cmn_usr_users where username = 'C3XR' and password='ad6a5dcf402d9389b80a02fe6ea52ae3'
*******************************************************************************************************/

/*******************************************************************************************************
* DateTime: 2015-09-01 10:56:32		IP: 27.115.39.235Brower: Mozilla/5.0 (Macintosh; Intel Mac OS X 10_9_5) AppleWebKit/537.36 (KHTML, like Gecko) Chrome/42.0.2311.152 Safari/537.36
* Url : http://dongxuec3xrmobile.nn.cagoe.com/Itf/Php/AjaxItf.php?method=Login
GetUserIDCacheKey::
*******************************************************************************************************/

/*******************************************************************************************************
* DateTime: 2015-09-01 10:57:00		IP: 27.115.39.235Brower: Mozilla/5.0 (Windows NT 6.1; WOW64) AppleWebKit/537.36 (KHTML, like Gecko) Chrome/35.0.1916.153 Safari/537.36 SE 2.X MetaSr 1.0
* Url : http://dongxuec3xrmobile.nn.cagoe.com/Itf/Php/AjaxItf.php?method=Login
sql::select userid from cmn_usr_users where username = 'C3XR' and password='ad6a5dcf402d9389b80a02fe6ea52ae3'
*******************************************************************************************************/

/*******************************************************************************************************
* DateTime: 2015-09-01 10:57:00		IP: 27.115.39.235Brower: Mozilla/5.0 (Windows NT 6.1; WOW64) AppleWebKit/537.36 (KHTML, like Gecko) Chrome/35.0.1916.153 Safari/537.36 SE 2.X MetaSr 1.0
* Url : http://dongxuec3xrmobile.nn.cagoe.com/Itf/Php/AjaxItf.php?method=Login
GetUserIDCacheKey::
*******************************************************************************************************/

/*******************************************************************************************************
* DateTime: 2015-09-01 10:57:03		IP: 27.115.39.235Brower: Mozilla/5.0 (Macintosh; Intel Mac OS X 10_9_5) AppleWebKit/537.36 (KHTML, like Gecko) Chrome/42.0.2311.152 Safari/537.36
* Url : http://dongxuec3xrmobile.nn.cagoe.com/Itf/Php/AjaxItf.php?method=Login
sql::select userid from cmn_usr_users where username = 'C3XR' and password='ad6a5dcf402d9389b80a02fe6ea52ae3'
*******************************************************************************************************/

/*******************************************************************************************************
* DateTime: 2015-09-01 10:57:03		IP: 27.115.39.235Brower: Mozilla/5.0 (Macintosh; Intel Mac OS X 10_9_5) AppleWebKit/537.36 (KHTML, like Gecko) Chrome/42.0.2311.152 Safari/537.36
* Url : http://dongxuec3xrmobile.nn.cagoe.com/Itf/Php/AjaxItf.php?method=Login
GetUserIDCacheKey::
*******************************************************************************************************/

/*******************************************************************************************************
* DateTime: 2015-09-01 10:57:08		IP: 27.115.39.235Brower: Mozilla/5.0 (Windows NT 6.1; WOW64) AppleWebKit/537.36 (KHTML, like Gecko) Chrome/35.0.1916.153 Safari/537.36 SE 2.X MetaSr 1.0
* Url : http://dongxuec3xrmobile.nn.cagoe.com/Itf/Php/AjaxItf.php?method=Login
sql::select userid from cmn_usr_users where username = 'C3XR' and password='ad6a5dcf402d9389b80a02fe6ea52ae3'
*******************************************************************************************************/

/*******************************************************************************************************
* DateTime: 2015-09-01 10:57:08		IP: 27.115.39.235Brower: Mozilla/5.0 (Windows NT 6.1; WOW64) AppleWebKit/537.36 (KHTML, like Gecko) Chrome/35.0.1916.153 Safari/537.36 SE 2.X MetaSr 1.0
* Url : http://dongxuec3xrmobile.nn.cagoe.com/Itf/Php/AjaxItf.php?method=Login
GetUserIDCacheKey::
*******************************************************************************************************/

/*******************************************************************************************************
* DateTime: 2015-09-01 11:13:04		IP: 220.249.107.75Brower: Mozilla/5.0 (Windows NT 10.0; WOW64) AppleWebKit/537.36 (KHTML, like Gecko) Chrome/43.0.2357.132 Safari/537.36
* Url : http://dongxuec3xrmobile.nn.cagoe.com/Itf/Php/AjaxItf.php?method=Login
sql::select userid from cmn_usr_users where username = 'C3XR' and password='ad6a5dcf402d9389b80a02fe6ea52ae3'
*******************************************************************************************************/

/*******************************************************************************************************
* DateTime: 2015-09-01 11:13:04		IP: 220.249.107.75Brower: Mozilla/5.0 (Windows NT 10.0; WOW64) AppleWebKit/537.36 (KHTML, like Gecko) Chrome/43.0.2357.132 Safari/537.36
* Url : http://dongxuec3xrmobile.nn.cagoe.com/Itf/Php/AjaxItf.php?method=Login
GetUserIDCacheKey::
*******************************************************************************************************/

/*******************************************************************************************************
* DateTime: 2015-09-01 11:14:25		IP: 27.115.39.235Brower: Mozilla/5.0 (Windows NT 6.1; WOW64) AppleWebKit/537.36 (KHTML, like Gecko) Chrome/35.0.1916.153 Safari/537.36 SE 2.X MetaSr 1.0
* Url : http://dongxuec3xrmobile.nn.cagoe.com/Itf/Php/AjaxItf.php?method=Login
sql::select userid from cmn_usr_users where username = 'C3XR' and password='ad6a5dcf402d9389b80a02fe6ea52ae3'
*******************************************************************************************************/

/*******************************************************************************************************
* DateTime: 2015-09-01 11:14:25		IP: 27.115.39.235Brower: Mozilla/5.0 (Windows NT 6.1; WOW64) AppleWebKit/537.36 (KHTML, like Gecko) Chrome/35.0.1916.153 Safari/537.36 SE 2.X MetaSr 1.0
* Url : http://dongxuec3xrmobile.nn.cagoe.com/Itf/Php/AjaxItf.php?method=Login
GetUserIDCacheKey::
*******************************************************************************************************/

