/*******************************************************************************************************
* DateTime: 2015-08-28 09:58:03		IP: 27.115.39.236Brower: Mozilla/5.0 (Windows NT 6.1; WOW64; Trident/7.0; rv:11.0) like Gecko
* Url : http://dongxuec3xrmobile.nn.cagoe.com/Itf/Php/AjaxItf.php?method=Login
sql::select userid from cmn_usr_users where username = 'C3XR' and password='ad6a5dcf402d9389b80a02fe6ea52ae3'
*******************************************************************************************************/

/*******************************************************************************************************
* DateTime: 2015-08-28 09:58:03		IP: 27.115.39.236Brower: Mozilla/5.0 (Windows NT 6.1; WOW64; Trident/7.0; rv:11.0) like Gecko
* Url : http://dongxuec3xrmobile.nn.cagoe.com/Itf/Php/AjaxItf.php?method=Login
GetUserIDCacheKey::
*******************************************************************************************************/

/*******************************************************************************************************
* DateTime: 2015-08-28 13:37:56		IP: 27.115.39.235Brower: Mozilla/5.0 (Macintosh; Intel Mac OS X 10_9_5) AppleWebKit/537.36 (KHTML, like Gecko) Chrome/42.0.2311.152 Safari/537.36
* Url : http://dongxuec3xrmobile.nn.cagoe.com/Itf/Php/AjaxItf.php?method=Login
sql::select userid from cmn_usr_users where username = 'C3XR' and password='ad6a5dcf402d9389b80a02fe6ea52ae3'
*******************************************************************************************************/

/*******************************************************************************************************
* DateTime: 2015-08-28 13:37:56		IP: 27.115.39.235Brower: Mozilla/5.0 (Macintosh; Intel Mac OS X 10_9_5) AppleWebKit/537.36 (KHTML, like Gecko) Chrome/42.0.2311.152 Safari/537.36
* Url : http://dongxuec3xrmobile.nn.cagoe.com/Itf/Php/AjaxItf.php?method=Login
GetUserIDCacheKey::
*******************************************************************************************************/

