/*******************************************************************************************************
* DateTime: 2015-09-05 10:30:15		IP: 121.227.92.132Brower: Mozilla/5.0 (Macintosh; Intel Mac OS X 10_9_5) AppleWebKit/600.1.17 (KHTML, like Gecko) Version/7.1 Safari/537.85.10
* Url : http://dongxuec3xrmobile.nn.cagoe.com/Itf/Php/AjaxItf.php?method=Login
sql::select userid from cmn_usr_users where username = 'C3XR' and password='ad6a5dcf402d9389b80a02fe6ea52ae3'
*******************************************************************************************************/

/*******************************************************************************************************
* DateTime: 2015-09-05 10:30:15		IP: 121.227.92.132Brower: Mozilla/5.0 (Macintosh; Intel Mac OS X 10_9_5) AppleWebKit/600.1.17 (KHTML, like Gecko) Version/7.1 Safari/537.85.10
* Url : http://dongxuec3xrmobile.nn.cagoe.com/Itf/Php/AjaxItf.php?method=Login
GetUserIDCacheKey::
*******************************************************************************************************/

/*******************************************************************************************************
* DateTime: 2015-09-05 12:40:01		IP: 61.172.53.244Brower: Mozilla/5.0 (Windows NT 6.1; WOW64) AppleWebKit/537.36 (KHTML, like Gecko) Chrome/35.0.1916.153 Safari/537.36 SE 2.X MetaSr 1.0
* Url : http://dongxuec3xrmobile.nn.cagoe.com/Itf/Php/AjaxItf.php?method=Login
sql::select userid from cmn_usr_users where username = 'C3XR' and password='ad6a5dcf402d9389b80a02fe6ea52ae3'
*******************************************************************************************************/

/*******************************************************************************************************
* DateTime: 2015-09-05 12:40:01		IP: 61.172.53.244Brower: Mozilla/5.0 (Windows NT 6.1; WOW64) AppleWebKit/537.36 (KHTML, like Gecko) Chrome/35.0.1916.153 Safari/537.36 SE 2.X MetaSr 1.0
* Url : http://dongxuec3xrmobile.nn.cagoe.com/Itf/Php/AjaxItf.php?method=Login
GetUserIDCacheKey::
*******************************************************************************************************/

/*******************************************************************************************************
* DateTime: 2015-09-05 12:52:27		IP: 121.227.92.132Brower: Mozilla/5.0 (Macintosh; Intel Mac OS X 10_9_5) AppleWebKit/600.1.17 (KHTML, like Gecko) Version/7.1 Safari/537.85.10
* Url : http://dongxuec3xrmobile.nn.cagoe.com/Itf/Php/AjaxItf.php?method=Login
sql::select userid from cmn_usr_users where username = 'C3XR' and password='ad6a5dcf402d9389b80a02fe6ea52ae3'
*******************************************************************************************************/

/*******************************************************************************************************
* DateTime: 2015-09-05 12:52:27		IP: 121.227.92.132Brower: Mozilla/5.0 (Macintosh; Intel Mac OS X 10_9_5) AppleWebKit/600.1.17 (KHTML, like Gecko) Version/7.1 Safari/537.85.10
* Url : http://dongxuec3xrmobile.nn.cagoe.com/Itf/Php/AjaxItf.php?method=Login
GetUserIDCacheKey::
*******************************************************************************************************/

/*******************************************************************************************************
* DateTime: 2015-09-05 12:54:42		IP: 121.227.92.132Brower: Mozilla/5.0 (Macintosh; Intel Mac OS X 10_9_5) AppleWebKit/600.1.17 (KHTML, like Gecko) Version/7.1 Safari/537.85.10
* Url : http://dongxuec3xrmobile.nn.cagoe.com/Itf/Php/AjaxItf.php?method=Login
sql::select userid from cmn_usr_users where username = 'C3XR' and password='ad6a5dcf402d9389b80a02fe6ea52ae3'
*******************************************************************************************************/

/*******************************************************************************************************
* DateTime: 2015-09-05 12:54:42		IP: 121.227.92.132Brower: Mozilla/5.0 (Macintosh; Intel Mac OS X 10_9_5) AppleWebKit/600.1.17 (KHTML, like Gecko) Version/7.1 Safari/537.85.10
* Url : http://dongxuec3xrmobile.nn.cagoe.com/Itf/Php/AjaxItf.php?method=Login
GetUserIDCacheKey::
*******************************************************************************************************/

/*******************************************************************************************************
* DateTime: 2015-09-05 14:02:21		IP: 61.172.53.244Brower: Mozilla/5.0 (Windows NT 6.1; WOW64; Trident/7.0; rv:11.0) like Gecko
* Url : http://dongxuec3xrmobile.nn.cagoe.com/Itf/Php/AjaxItf.php?method=Login
sql::select userid from cmn_usr_users where username = 'C3XR' and password='ad6a5dcf402d9389b80a02fe6ea52ae3'
*******************************************************************************************************/

/*******************************************************************************************************
* DateTime: 2015-09-05 14:02:21		IP: 61.172.53.244Brower: Mozilla/5.0 (Windows NT 6.1; WOW64; Trident/7.0; rv:11.0) like Gecko
* Url : http://dongxuec3xrmobile.nn.cagoe.com/Itf/Php/AjaxItf.php?method=Login
GetUserIDCacheKey::
*******************************************************************************************************/

/*******************************************************************************************************
* DateTime: 2015-09-05 14:15:11		IP: 61.172.53.244Brower: Mozilla/5.0 (Windows NT 6.1; WOW64; Trident/7.0; rv:11.0) like Gecko
* Url : http://dongxuec3xrmobile.nn.cagoe.com/Itf/Php/AjaxItf.php?method=Login
sql::select userid from cmn_usr_users where username = 'C3XR' and password='ad6a5dcf402d9389b80a02fe6ea52ae3'
*******************************************************************************************************/

/*******************************************************************************************************
* DateTime: 2015-09-05 14:15:11		IP: 61.172.53.244Brower: Mozilla/5.0 (Windows NT 6.1; WOW64; Trident/7.0; rv:11.0) like Gecko
* Url : http://dongxuec3xrmobile.nn.cagoe.com/Itf/Php/AjaxItf.php?method=Login
GetUserIDCacheKey::
*******************************************************************************************************/

